# JRE version: OpenJDK Runtime Environment (8.0_152-b06) (build 1.8.0_152-release-1136-b06)
# Java VM: OpenJDK 64-Bit Server VM (25.152-b06 mixed mode linux-amd64 compressed oops)
Heap:
 PSYoungGen      total 344576K, used 76788K [0x00000000e0000000, 0x00000000fa280000, 0x0000000100000000)
  eden space 267776K, 0% used [0x00000000e0000000,0x00000000e0000000,0x00000000f0580000)
  from space 76800K, 99% used [0x00000000f0580000,0x00000000f507d090,0x00000000f5080000)
  to   space 67584K, 0% used [0x00000000f5080000,0x00000000f5080000,0x00000000f9280000)
 ParOldGen       total 178688K, used 79180K [0x00000000a0000000, 0x00000000aae80000, 0x00000000e0000000)
  object space 178688K, 44% used [0x00000000a0000000,0x00000000a4d532a8,0x00000000aae80000)
 Metaspace       used 86172K, capacity 88944K, committed 89216K, reserved 1126400K
  class space    used 10680K, capacity 11308K, committed 11392K, reserved 1048576K
GC Heap History (10 events):
Event: 962.940 GC heap after
Heap after GC invocations=23 (full 4):
 PSYoungGen      total 241152K, used 31223K [0x00000000e0000000, 0x00000000f4780000, 0x0000000100000000)
  eden space 209920K, 0% used [0x00000000e0000000,0x00000000e0000000,0x00000000ecd00000)
  from space 31232K, 99% used [0x00000000ecd00000,0x00000000eeb7deb8,0x00000000eeb80000)
  to   space 45568K, 0% used [0x00000000f1b00000,0x00000000f1b00000,0x00000000f4780000)
 ParOldGen       total 128512K, used 77105K [0x00000000a0000000, 0x00000000a7d80000, 0x00000000e0000000)
  object space 128512K, 59% used [0x00000000a0000000,0x00000000a4b4c650,0x00000000a7d80000)
 Metaspace       used 73774K, capacity 75944K, committed 76032K, reserved 1116160K
  class space    used 9405K, capacity 9954K, committed 9984K, reserved 1048576K
}
Event: 1078.234 GC heap before
{Heap before GC invocations=24 (full 4):
 PSYoungGen      total 241152K, used 241143K [0x00000000e0000000, 0x00000000f4780000, 0x0000000100000000)
  eden space 209920K, 100% used [0x00000000e0000000,0x00000000ecd00000,0x00000000ecd00000)
  from space 31232K, 99% used [0x00000000ecd00000,0x00000000eeb7deb8,0x00000000eeb80000)
  to   space 45568K, 0% used [0x00000000f1b00000,0x00000000f1b00000,0x00000000f4780000)
 ParOldGen       total 128512K, used 77105K [0x00000000a0000000, 0x00000000a7d80000, 0x00000000e0000000)
  object space 128512K, 59% used [0x00000000a0000000,0x00000000a4b4c650,0x00000000a7d80000)
 Metaspace       used 76598K, capacity 78752K, committed 79104K, reserved 1118208K
  class space    used 9599K, capacity 10118K, committed 10240K, reserved 1048576K
Event: 1079.888 GC heap after
Heap after GC invocations=24 (full 4):
 PSYoungGen      total 282624K, used 45058K [0x00000000e0000000, 0x00000000f5800000, 0x0000000100000000)
  eden space 237056K, 0% used [0x00000000e0000000,0x00000000e0000000,0x00000000ee780000)
  from space 45568K, 98% used [0x00000000f1b00000,0x00000000f4700838,0x00000000f4780000)
  to   space 52736K, 0% used [0x00000000ee780000,0x00000000ee780000,0x00000000f1b00000)
 ParOldGen       total 128512K, used 100580K [0x00000000a0000000, 0x00000000a7d80000, 0x00000000e0000000)
  object space 128512K, 78% used [0x00000000a0000000,0x00000000a62393f0,0x00000000a7d80000)
 Metaspace       used 76598K, capacity 78752K, committed 79104K, reserved 1118208K
  class space    used 9599K, capacity 10118K, committed 10240K, reserved 1048576K
}
Event: 1142.073 GC heap before
{Heap before GC invocations=25 (full 4):
 PSYoungGen      total 282624K, used 282051K [0x00000000e0000000, 0x00000000f5800000, 0x0000000100000000)
  eden space 237056K, 99% used [0x00000000e0000000,0x00000000ee770780,0x00000000ee780000)
  from space 45568K, 98% used [0x00000000f1b00000,0x00000000f4700838,0x00000000f4780000)
  to   space 52736K, 0% used [0x00000000ee780000,0x00000000ee780000,0x00000000f1b00000)
 ParOldGen       total 128512K, used 100580K [0x00000000a0000000, 0x00000000a7d80000, 0x00000000e0000000)
  object space 128512K, 78% used [0x00000000a0000000,0x00000000a62393f0,0x00000000a7d80000)
 Metaspace       used 76949K, capacity 79132K, committed 79360K, reserved 1118208K
  class space    used 9624K, capacity 10158K, committed 10240K, reserved 1048576K
Event: 1142.547 GC heap after
Heap after GC invocations=25 (full 4):
 PSYoungGen      total 289792K, used 52733K [0x00000000e0000000, 0x00000000f9280000, 0x0000000100000000)
  eden space 237056K, 0% used [0x00000000e0000000,0x00000000e0000000,0x00000000ee780000)
  from space 52736K, 99% used [0x00000000ee780000,0x00000000f1aff670,0x00000000f1b00000)
  to   space 67584K, 0% used [0x00000000f5080000,0x00000000f5080000,0x00000000f9280000)
 ParOldGen       total 128512K, used 116706K [0x00000000a0000000, 0x00000000a7d80000, 0x00000000e0000000)
  object space 128512K, 90% used [0x00000000a0000000,0x00000000a71f8af8,0x00000000a7d80000)
 Metaspace       used 76949K, capacity 79132K, committed 79360K, reserved 1118208K
  class space    used 9624K, capacity 10158K, committed 10240K, reserved 1048576K
}
Event: 1142.547 GC heap before
{Heap before GC invocations=26 (full 5):
 PSYoungGen      total 289792K, used 52733K [0x00000000e0000000, 0x00000000f9280000, 0x0000000100000000)
  eden space 237056K, 0% used [0x00000000e0000000,0x00000000e0000000,0x00000000ee780000)
  from space 52736K, 99% used [0x00000000ee780000,0x00000000f1aff670,0x00000000f1b00000)
  to   space 67584K, 0% used [0x00000000f5080000,0x00000000f5080000,0x00000000f9280000)
 ParOldGen       total 128512K, used 116706K [0x00000000a0000000, 0x00000000a7d80000, 0x00000000e0000000)
  object space 128512K, 90% used [0x00000000a0000000,0x00000000a71f8af8,0x00000000a7d80000)
 Metaspace       used 76949K, capacity 79132K, committed 79360K, reserved 1118208K
  class space    used 9624K, capacity 10158K, committed 10240K, reserved 1048576K
Event: 1165.737 GC heap after
Heap after GC invocations=26 (full 5):
 PSYoungGen      total 289792K, used 0K [0x00000000e0000000, 0x00000000f9280000, 0x0000000100000000)
  eden space 237056K, 0% used [0x00000000e0000000,0x00000000e0000000,0x00000000ee780000)
  from space 52736K, 0% used [0x00000000ee780000,0x00000000ee780000,0x00000000f1b00000)
  to   space 67584K, 0% used [0x00000000f5080000,0x00000000f5080000,0x00000000f9280000)
 ParOldGen       total 178688K, used 70199K [0x00000000a0000000, 0x00000000aae80000, 0x00000000e0000000)
  object space 178688K, 39% used [0x00000000a0000000,0x00000000a448de40,0x00000000aae80000)
 Metaspace       used 75778K, capacity 77936K, committed 79360K, reserved 1118208K
  class space    used 9522K, capacity 10054K, committed 10240K, reserved 1048576K
}
Event: 1176.906 GC heap before
{Heap before GC invocations=27 (full 5):
 PSYoungGen      total 289792K, used 237056K [0x00000000e0000000, 0x00000000f9280000, 0x0000000100000000)
  eden space 237056K, 100% used [0x00000000e0000000,0x00000000ee780000,0x00000000ee780000)
  from space 52736K, 0% used [0x00000000ee780000,0x00000000ee780000,0x00000000f1b00000)
  to   space 67584K, 0% used [0x00000000f5080000,0x00000000f5080000,0x00000000f9280000)
 ParOldGen       total 178688K, used 70199K [0x00000000a0000000, 0x00000000aae80000, 0x00000000e0000000)
  object space 178688K, 39% used [0x00000000a0000000,0x00000000a448de40,0x00000000aae80000)
 Metaspace       used 76963K, capacity 79152K, committed 79360K, reserved 1118208K
  class space    used 9600K, capacity 10118K, committed 10240K, reserved 1048576K
Event: 1178.310 GC heap after
Heap after GC invocations=27 (full 5):
 PSYoungGen      total 335360K, used 61650K [0x00000000e0000000, 0x00000000fa280000, 0x0000000100000000)
  eden space 267776K, 0% used [0x00000000e0000000,0x00000000e0000000,0x00000000f0580000)
  from space 67584K, 91% used [0x00000000f5080000,0x00000000f8cb4970,0x00000000f9280000)
  to   space 76800K, 0% used [0x00000000f0580000,0x00000000f0580000,0x00000000f5080000)
 ParOldGen       total 178688K, used 70199K [0x00000000a0000000, 0x00000000aae80000, 0x00000000e0000000)
  object space 178688K, 39% used [0x00000000a0000000,0x00000000a448de40,0x00000000aae80000)
 Metaspace       used 76963K, capacity 79152K, committed 79360K, reserved 1118208K
  class space    used 9600K, capacity 10118K, committed 10240K, reserved 1048576K
}
Event: 1264.278 GC heap before
{Heap before GC invocations=28 (full 5):
 PSYoungGen      total 335360K, used 329426K [0x00000000e0000000, 0x00000000fa280000, 0x0000000100000000)
  eden space 267776K, 100% used [0x00000000e0000000,0x00000000f0580000,0x00000000f0580000)
  from space 67584K, 91% used [0x00000000f5080000,0x00000000f8cb4970,0x00000000f9280000)
  to   space 76800K, 0% used [0x00000000f0580000,0x00000000f0580000,0x00000000f5080000)
 ParOldGen       total 178688K, used 70199K [0x00000000a0000000, 0x00000000aae80000, 0x00000000e0000000)
  object space 178688K, 39% used [0x00000000a0000000,0x00000000a448de40,0x00000000aae80000)
 Metaspace       used 86172K, capacity 88944K, committed 89216K, reserved 1126400K
  class space    used 10680K, capacity 11308K, committed 11392K, reserved 1048576K

